********************************************************************************
DUPLICATOR-LITE PACKAGE-LOG: 13 de April de 2023 03:01
NOTICE: Do NOT post to public sites or forums 
********************************************************************************
VERSION:	1.5.3.1
WORDPRESS:	6.2
PHP INFO:	8.1.11 | SAPI: cgi-fcgi
SERVER:		Apache/2.4.47 (Win64) OpenSSL/1.1.1d mod_fcgid/2.3.10-dev 
PHP TIME LIMIT: (0) no time limit imposed 
PHP MAX MEMORY: 4294967296 (512M default) 
MEMORY STACK: 54MB

********************************************************************************
DATABASE:
********************************************************************************
BUILD MODE:   PHP(query limit - 100)
MYSQLTIMEOUT: 5000
MYSQLDUMP:    Not Supported
TABLES: total:17 | filtered:0 | create:17
FILTERED: []
SQL CREATED: 20230413_asesoriadecara_cda132c04fae59562059_20230413030101_database.sql
SQL FILE SIZE: 15.36MB (16105298)
SQL FILE TIME: 2023-04-13 03:01:16
SQL RUNTIME: 0.94 sec.

********************************************************************************
ARCHIVE (ZIP):
********************************************************************************
ARCHIVE DIR:  C:/laragon/www/asesoria_de_cara
ARCHIVE FILE: 20230413_asesoriadecara_cda132c04fae59562059_20230413030101_archive.zip
FILTERS: *OFF*
DIRS:
	not set
FILES:
	not set
EXTS:  not set
----------------------------------------
COMPRESSING
SIZE:	121.34MB
STATS:	Dirs 1,052 | Files 5,839
SQL ADDED: 20230413_asesoriadecara_cda132c04fae59562059_20230413030101_database.sql
ZipArchive Object
(
    [lastId] => 6890
    [status] => 0
    [statusSys] => 0
    [numFiles] => 6891
    [filename] => C:\laragon\www\asesoria_de_cara\wp-content\backups-dup-lite\tmp\20230413_asesoriadecara_cda132c04fae59562059_20230413030101_archive.zip
    [comment] => 
)

FILE ADDED TO ZIP: 6890
COMPRESSION RESULT: '1'
COMPRESSED SIZE: 42.57MB
ARCHIVE RUNTIME: 42.14 sec.
MEMORY STACK: 56MB
building installer
ARCHIVE CONSISTENCY TEST: PASS

********************************************************************************
INTEGRITY CHECKS:
********************************************************************************
SQL FILE: 15.36MB
INSTALLER FILE: 73.35KB
ARCHIVE FILE: 44.44MB 
RECUENTO ARCHIVOS/DIRECTORIOS ESPERADOS: 6,891
RECUENTO ARCHIVOS/DIRECTORIOS ACTUALES: 6,890
PRUEBA DE CONSISTENCIA DEL ARCHIVO: Superado

********************************************************************************
RECORD ID:[1]
TOTAL PROCESS RUNTIME: 44.39 sec.
PEAK PHP MEMORY USED: 62MB
DONE PROCESSING => 20230413_asesoriadecara 13 de April de 2023 03:01

********************************************************************************
DUPLICATOR-LITE PACKAGE-LOG: 13 de April de 2023 03:13
NOTICE: Do NOT post to public sites or forums 
********************************************************************************
VERSION:	1.5.3.1
WORDPRESS:	6.2
PHP INFO:	8.1.11 | SAPI: cgi-fcgi
SERVER:		Apache/2.4.47 (Win64) OpenSSL/1.1.1d mod_fcgid/2.3.10-dev 
PHP TIME LIMIT: (0) no time limit imposed 
PHP MAX MEMORY: 4294967296 (512M default) 
MEMORY STACK: 54MB

********************************************************************************
DATABASE:
********************************************************************************
BUILD MODE:   PHP(query limit - 100)
MYSQLTIMEOUT: 5000
MYSQLDUMP:    Not Supported
TABLES: total:17 | filtered:0 | create:17
FILTERED: []
SQL CREATED: 20230413_asesoriadecara_cda132c04fae59562059_20230413030101_database.sql
SQL FILE SIZE: 15.36MB (16105390)
SQL FILE TIME: 2023-04-13 03:13:42
SQL RUNTIME: 0.83 sec.

********************************************************************************
ARCHIVE (ZIP):
********************************************************************************
ARCHIVE DIR:  C:/laragon/www/asesoria_de_cara
ARCHIVE FILE: 20230413_asesoriadecara_cda132c04fae59562059_20230413030101_archive.zip
FILTERS: *OFF*
DIRS:
	not set
FILES:
	not set
EXTS:  not set
----------------------------------------
COMPRESSING
SIZE:	121.34MB
STATS:	Dirs 1,052 | Files 5,839
SQL ADDED: 20230413_asesoriadecara_cda132c04fae59562059_20230413030101_database.sql
ZipArchive Object
(
    [lastId] => 6890
    [status] => 0
    [statusSys] => 0
    [numFiles] => 6891
    [filename] => C:\laragon\www\asesoria_de_cara\wp-content\backups-dup-lite\tmp\20230413_asesoriadecara_cda132c04fae59562059_20230413030101_archive.zip
    [comment] => 
)

FILE ADDED TO ZIP: 6890
COMPRESSION RESULT: '1'
COMPRESSED SIZE: 42.57MB
ARCHIVE RUNTIME: 7.39 sec.
MEMORY STACK: 56MB
building installer
ARCHIVE CONSISTENCY TEST: PASS

********************************************************************************
INTEGRITY CHECKS:
********************************************************************************
SQL FILE: 15.36MB
INSTALLER FILE: 73.35KB
ARCHIVE FILE: 44.44MB 
RECUENTO ARCHIVOS/DIRECTORIOS ESPERADOS: 6,891
RECUENTO ARCHIVOS/DIRECTORIOS ACTUALES: 6,890
PRUEBA DE CONSISTENCIA DEL ARCHIVO: Superado

********************************************************************************
RECORD ID:[1]
TOTAL PROCESS RUNTIME: 9.45 sec.
PEAK PHP MEMORY USED: 62MB
DONE PROCESSING => 20230413_asesoriadecara 13 de April de 2023 03:13

